
  .   ____          _            __ _ _
 /\\ / ___'_ __ _ _(_)_ __  __ _ \ \ \ \
( ( )\___ | '_ | '_| | '_ \/ _` | \ \ \ \
 \\/  ___)| |_)| | | | | || (_| |  ) ) ) )
  '  |____| .__|_| |_|_| |_\__, | / / / /
 =========|_|==============|___/=/_/_/_/
 :: Spring Boot ::                (v3.2.2)

2026-01-21T18:29:49.504+02:00  INFO 73616 --- [           main] org.uniqa.Application                    : Starting Application v1.0.0-SNAPSHOT using Java 17.0.17 with PID 73616 (C:\Users\Ivaylo Hubenov\Desktop\simple-poc\backend\target\simple-poc-1.0.0-SNAPSHOT.jar started by Ivaylo Hubenov in C:\Users\Ivaylo Hubenov\Desktop\simple-poc\backend)
2026-01-21T18:29:49.508+02:00  INFO 73616 --- [           main] org.uniqa.Application                    : No active profile set, falling back to 1 default profile: "default"
2026-01-21T18:29:50.258+02:00  INFO 73616 --- [           main] .s.d.r.c.RepositoryConfigurationDelegate : Bootstrapping Spring Data JPA repositories in DEFAULT mode.
2026-01-21T18:29:50.298+02:00  INFO 73616 --- [           main] .s.d.r.c.RepositoryConfigurationDelegate : Finished Spring Data repository scanning in 28 ms. Found 1 JPA repository interface.
2026-01-21T18:29:50.859+02:00  INFO 73616 --- [           main] o.s.b.w.embedded.tomcat.TomcatWebServer  : Tomcat initialized with port 8080 (http)
2026-01-21T18:29:50.868+02:00  INFO 73616 --- [           main] o.apache.catalina.core.StandardService   : Starting service [Tomcat]
2026-01-21T18:29:50.868+02:00  INFO 73616 --- [           main] o.apache.catalina.core.StandardEngine    : Starting Servlet engine: [Apache Tomcat/10.1.18]
2026-01-21T18:29:50.904+02:00  INFO 73616 --- [           main] o.a.c.c.C.[Tomcat].[localhost].[/]       : Initializing Spring embedded WebApplicationContext
2026-01-21T18:29:50.905+02:00  INFO 73616 --- [           main] w.s.c.ServletWebServerApplicationContext : Root WebApplicationContext: initialization completed in 1328 ms
2026-01-21T18:29:51.463+02:00  INFO 73616 --- [           main] o.s.o.j.p.SpringPersistenceUnitInfo      : No LoadTimeWeaver setup: ignoring JPA class transformer
2026-01-21T18:29:51.505+02:00  INFO 73616 --- [           main] com.zaxxer.hikari.HikariDataSource       : HikariPool-1 - Starting...
2026-01-21T18:29:51.689+02:00  INFO 73616 --- [           main] com.zaxxer.hikari.pool.HikariPool        : HikariPool-1 - Added connection conn0: url=jdbc:h2:mem:testdb user=SA
2026-01-21T18:29:51.689+02:00  INFO 73616 --- [           main] com.zaxxer.hikari.HikariDataSource       : HikariPool-1 - Start completed.
2026-01-21T18:29:51.707+02:00  WARN 73616 --- [           main] org.hibernate.orm.deprecation            : HHH90000025: H2Dialect does not need to be specified explicitly using 'hibernate.dialect' (remove the property setting and it will be selected by default)
2026-01-21T18:29:52.163+02:00  INFO 73616 --- [           main] j.LocalContainerEntityManagerFactoryBean : Initialized JPA EntityManagerFactory for persistence unit 'default'
2026-01-21T18:29:52.530+02:00  WARN 73616 --- [           main] JpaBaseConfiguration$JpaWebConfiguration : spring.jpa.open-in-view is enabled by default. Therefore, database queries may be performed during view rendering. Explicitly configure spring.jpa.open-in-view to disable this warning
2026-01-21T18:29:53.139+02:00  INFO 73616 --- [           main] o.s.b.w.embedded.tomcat.TomcatWebServer  : Tomcat started on port 8080 (http) with context path ''
2026-01-21T18:29:53.228+02:00  INFO 73616 --- [           main] org.uniqa.Application                    : Started Application in 4.039 seconds (process running for 4.506)
2026-01-21T18:30:02.936+02:00  INFO 73616 --- [nio-8080-exec-1] o.a.c.c.C.[Tomcat].[localhost].[/]       : Initializing Spring DispatcherServlet 'dispatcherServlet'
2026-01-21T18:30:02.936+02:00  INFO 73616 --- [nio-8080-exec-1] o.s.web.servlet.DispatcherServlet        : Initializing Servlet 'dispatcherServlet'
2026-01-21T18:30:02.936+02:00  INFO 73616 --- [nio-8080-exec-1] o.s.web.servlet.DispatcherServlet        : Completed initialization in 0 ms
2026-01-21T18:30:03.503+02:00  INFO 73616 --- [nio-8080-exec-2] o.uniqa.controller.TableRowController    : Getting rows - page: 0, size: 10
2026-01-21T18:33:04.916+02:00  INFO 73616 --- [nio-8080-exec-5] o.uniqa.controller.TableRowController    : Getting rows - page: 0, size: 10
